Traced on 2022-11-29 16:05:20
FileAccessForInclusion - 
/var/www/html/include/utils/CommonUtils.php::checkFileAccessForInclusion::388<br>
/var/www/html/includes/Loader.php::checkFileAccessForInclusion::65<br>
/var/www/html/includes/Loader.php::includeOnce::191<br>
/var/www/html/includes/main/WebUI.php::vimport::15<br>
/var/www/html/index.php::include_once::17<br>
Traced on 2022-11-29 16:05:55
FileAccessForInclusion - 
/var/www/html/include/utils/CommonUtils.php::checkFileAccessForInclusion::388<br>
/var/www/html/includes/Loader.php::checkFileAccessForInclusion::65<br>
/var/www/html/includes/Loader.php::includeOnce::191<br>
/var/www/html/includes/main/WebUI.php::vimport::15<br>
/var/www/html/index.php::include_once::17<br>
Traced on 2022-11-29 16:05:55
FileAccessForInclusion - 
/var/www/html/include/utils/CommonUtils.php::checkFileAccessForInclusion::388<br>
/var/www/html/includes/Loader.php::checkFileAccessForInclusion::65<br>
/var/www/html/includes/Loader.php::includeOnce::191<br>
/var/www/html/includes/main/WebUI.php::vimport::15<br>
/var/www/html/index.php::include_once::17<br>
Traced on 2022-11-29 16:49:43
FileAccessForInclusion - 
/var/www/html/include/utils/CommonUtils.php::checkFileAccessForInclusion::388<br>
/var/www/html/includes/Loader.php::checkFileAccessForInclusion::65<br>
/var/www/html/includes/Loader.php::includeOnce::191<br>
/var/www/html/includes/main/WebUI.php::vimport::15<br>
/var/www/html/index.php::include_once::17<br>
